<?xml version="1.0" encoding="UTF-8"?>
<testng-results ignored="0" total="2" passed="2" failed="0" skipped="0">
  <reporter-output>
  </reporter-output>
  <suite started-at="2026-02-23T18:44:33 IST" name="Default suite" finished-at="2026-02-23T18:44:53 IST" duration-ms="19907">
    <groups>
    </groups>
    <test started-at="2026-02-23T18:44:33 IST" name="Default test" finished-at="2026-02-23T18:44:53 IST" duration-ms="19907">
      <class name="LogIn.login">
        <test-method is-config="true" signature="configBM()[pri:0, instance:LogIn.login@557caf28]" started-at="2026-02-23T18:44:33 IST" name="configBM" finished-at="2026-02-23T18:44:42 IST" duration-ms="9317" status="PASS">
          <reporter-output>
          </reporter-output>
        </test-method> <!-- configBM -->
        <test-method signature="NegativeLogin()[pri:0, instance:LogIn.login@557caf28]" started-at="2026-02-23T18:44:42 IST" name="NegativeLogin" finished-at="2026-02-23T18:44:44 IST" duration-ms="1459" status="PASS">
          <reporter-output>
          </reporter-output>
        </test-method> <!-- NegativeLogin -->
        <test-method is-config="true" signature="configBM()[pri:0, instance:LogIn.login@557caf28]" started-at="2026-02-23T18:44:44 IST" name="configBM" finished-at="2026-02-23T18:44:51 IST" duration-ms="7132" status="PASS">
          <reporter-output>
          </reporter-output>
        </test-method> <!-- configBM -->
        <test-method signature="PositiveLogIn()[pri:0, instance:LogIn.login@557caf28]" started-at="2026-02-23T18:44:51 IST" name="PositiveLogIn" finished-at="2026-02-23T18:44:53 IST" duration-ms="1935" status="PASS">
          <reporter-output>
          </reporter-output>
        </test-method> <!-- PositiveLogIn -->
      </class> <!-- LogIn.login -->
    </test> <!-- Default test -->
  </suite> <!-- Default suite -->
</testng-results>
